2020-12-07T23:07:43.372Z|info : amplify push core  
2020-12-07T23:07:51.279Z|info : amplify-provider-awscloudformation.zip-util.downloadZip.s3.getFile([{"Key":"[***]rent-[***]ud-[***]d.zip"},null])
2020-12-07T23:07:51.281Z|info : amplify-provider-awscloudformation.aws-s3.s3.getFile([{"Key":"[***]rent-[***]ud-[***]d.zip","Bucket":"[***]ify-[***]yapp-[***]ev-[***]055-[***]ment"}])
2020-12-07T23:07:51.889Z|info : amplify-provider-awscloudformation.initialize-env.run.cfn.updateamplifyMetaFileWithStackOutputs([{"StackName":"[***]ify-[***]yapp-[***]ev-[***]055"}])
2020-12-07T23:07:51.891Z|info : amplify-provider-awscloudformation.aws-cfn.updateamplifyMetaFileWithStackOutputs.cfn.describeStackResources([{"StackName":"[***]ify-[***]yapp-[***]ev-[***]055"}])
2020-12-07T23:07:52.180Z|info : amplify-provider-awscloudformation.aws-cfn.describeStack.cfn.describeStacks([{"StackName":"[***]rmation:us-[***]st-[***]72:stack/[***]ify-[***]yapp-[***]ev-[***]055-[***]esapp-[***]X492V/[***]e7c0-[***]8f-[***]eb-[***]55-[***]748b1"}])
2020-12-07T23:07:52.182Z|info : amplify-provider-awscloudformation.aws-cfn.describeStack.cfn.describeStacks([{"StackName":"[***]rmation:us-[***]st-[***]72:stack/[***]ify-[***]yapp-[***]ev-[***]055-[***]p2eb83319-[***]17AFV2/[***]8d70-[***]8d-[***]eb-[***]ec-[***]e5d77"}])
2020-12-07T23:07:52.481Z|info : amplify-provider-awscloudformation.aws-s3.s3.getFile([{"Key":"[***]ify-[***]json","Bucket":"[***]ify-[***]yapp-[***]ev-[***]055-[***]ment"}])
2020-12-07T23:19:47.991Z|info : amplify plugin core scan 
2020-12-07T23:21:04.501Z|info : amplify push core  
2020-12-07T23:21:11.713Z|info : amplify-provider-awscloudformation.zip-util.downloadZip.s3.getFile([{"Key":"[***]rent-[***]ud-[***]d.zip"},null])
2020-12-07T23:21:11.716Z|info : amplify-provider-awscloudformation.aws-s3.s3.getFile([{"Key":"[***]rent-[***]ud-[***]d.zip","Bucket":"[***]ify-[***]yapp-[***]ev-[***]055-[***]ment"}])
2020-12-07T23:21:12.141Z|info : amplify-provider-awscloudformation.initialize-env.run.cfn.updateamplifyMetaFileWithStackOutputs([{"StackName":"[***]ify-[***]yapp-[***]ev-[***]055"}])
2020-12-07T23:21:12.143Z|info : amplify-provider-awscloudformation.aws-cfn.updateamplifyMetaFileWithStackOutputs.cfn.describeStackResources([{"StackName":"[***]ify-[***]yapp-[***]ev-[***]055"}])
2020-12-07T23:21:12.460Z|info : amplify-provider-awscloudformation.aws-cfn.describeStack.cfn.describeStacks([{"StackName":"[***]rmation:us-[***]st-[***]72:stack/[***]ify-[***]yapp-[***]ev-[***]055-[***]esapp-[***]X492V/[***]e7c0-[***]8f-[***]eb-[***]55-[***]748b1"}])
2020-12-07T23:21:12.463Z|info : amplify-provider-awscloudformation.aws-cfn.describeStack.cfn.describeStacks([{"StackName":"[***]rmation:us-[***]st-[***]72:stack/[***]ify-[***]yapp-[***]ev-[***]055-[***]p2eb83319-[***]17AFV2/[***]8d70-[***]8d-[***]eb-[***]ec-[***]e5d77"}])
2020-12-07T23:21:12.797Z|info : amplify-provider-awscloudformation.aws-s3.s3.getFile([{"Key":"[***]ify-[***]json","Bucket":"[***]ify-[***]yapp-[***]ev-[***]055-[***]ment"}])
2020-12-07T23:21:29.367Z|info : amplify-provider-awscloudformation.upload-appsync-files.uploadAppSyncFiles.upload.s3Client.uploadFile([{"Key":"[***]mation-[***]e.json"}])
2020-12-07T23:21:29.369Z|info : amplify-provider-awscloudformation.aws-s3.uploadFile.s3.putObject([{"Key":"[***]ify-[***]ync-[***]es/[***]fbf5a68c3c0bff7d/[***]mation-[***]e.json","Bucket":"[***]ify-[***]yapp-[***]ev-[***]055-[***]ment"}])
2020-12-07T23:21:29.371Z|info : amplify-provider-awscloudformation.upload-appsync-files.uploadAppSyncFiles.upload.s3Client.uploadFile([{"Key":"[***]s.json"}])
2020-12-07T23:21:29.371Z|info : amplify-provider-awscloudformation.aws-s3.uploadFile.s3.putObject([{"Key":"[***]ify-[***]ync-[***]es/[***]fbf5a68c3c0bff7d/[***]s.json","Bucket":"[***]ify-[***]yapp-[***]ev-[***]055-[***]ment"}])
2020-12-07T23:21:29.373Z|info : amplify-provider-awscloudformation.upload-appsync-files.uploadAppSyncFiles.upload.s3Client.uploadFile([{"Key":"[***]vers/[***]ote.req.vtl"}])
2020-12-07T23:21:29.373Z|info : amplify-provider-awscloudformation.aws-s3.uploadFile.s3.putObject([{"Key":"[***]ify-[***]ync-[***]es/[***]fbf5a68c3c0bff7d/[***]vers/[***]ote.req.vtl","Bucket":"[***]ify-[***]yapp-[***]ev-[***]055-[***]ment"}])
2020-12-07T23:21:29.374Z|info : amplify-provider-awscloudformation.upload-appsync-files.uploadAppSyncFiles.upload.s3Client.uploadFile([{"Key":"[***]vers/[***]ote.res.vtl"}])
2020-12-07T23:21:29.374Z|info : amplify-provider-awscloudformation.aws-s3.uploadFile.s3.putObject([{"Key":"[***]ify-[***]ync-[***]es/[***]fbf5a68c3c0bff7d/[***]vers/[***]ote.res.vtl","Bucket":"[***]ify-[***]yapp-[***]ev-[***]055-[***]ment"}])
2020-12-07T23:21:29.375Z|info : amplify-provider-awscloudformation.upload-appsync-files.uploadAppSyncFiles.upload.s3Client.uploadFile([{"Key":"[***]vers/[***]ote.req.vtl"}])
2020-12-07T23:21:29.376Z|info : amplify-provider-awscloudformation.aws-s3.uploadFile.s3.putObject([{"Key":"[***]ify-[***]ync-[***]es/[***]fbf5a68c3c0bff7d/[***]vers/[***]ote.req.vtl","Bucket":"[***]ify-[***]yapp-[***]ev-[***]055-[***]ment"}])
2020-12-07T23:21:29.377Z|info : amplify-provider-awscloudformation.upload-appsync-files.uploadAppSyncFiles.upload.s3Client.uploadFile([{"Key":"[***]vers/[***]ote.res.vtl"}])
2020-12-07T23:21:29.377Z|info : amplify-provider-awscloudformation.aws-s3.uploadFile.s3.putObject([{"Key":"[***]ify-[***]ync-[***]es/[***]fbf5a68c3c0bff7d/[***]vers/[***]ote.res.vtl","Bucket":"[***]ify-[***]yapp-[***]ev-[***]055-[***]ment"}])
2020-12-07T23:21:29.378Z|info : amplify-provider-awscloudformation.upload-appsync-files.uploadAppSyncFiles.upload.s3Client.uploadFile([{"Key":"[***]vers/[***]ote.req.vtl"}])
2020-12-07T23:21:29.378Z|info : amplify-provider-awscloudformation.aws-s3.uploadFile.s3.putObject([{"Key":"[***]ify-[***]ync-[***]es/[***]fbf5a68c3c0bff7d/[***]vers/[***]ote.req.vtl","Bucket":"[***]ify-[***]yapp-[***]ev-[***]055-[***]ment"}])
2020-12-07T23:21:29.379Z|info : amplify-provider-awscloudformation.upload-appsync-files.uploadAppSyncFiles.upload.s3Client.uploadFile([{"Key":"[***]vers/[***]ote.res.vtl"}])
2020-12-07T23:21:29.379Z|info : amplify-provider-awscloudformation.aws-s3.uploadFile.s3.putObject([{"Key":"[***]ify-[***]ync-[***]es/[***]fbf5a68c3c0bff7d/[***]vers/[***]ote.res.vtl","Bucket":"[***]ify-[***]yapp-[***]ev-[***]055-[***]ment"}])
2020-12-07T23:21:29.380Z|info : amplify-provider-awscloudformation.upload-appsync-files.uploadAppSyncFiles.upload.s3Client.uploadFile([{"Key":"[***]vers/[***]e.req.vtl"}])
2020-12-07T23:21:29.381Z|info : amplify-provider-awscloudformation.aws-s3.uploadFile.s3.putObject([{"Key":"[***]ify-[***]ync-[***]es/[***]fbf5a68c3c0bff7d/[***]vers/[***]e.req.vtl","Bucket":"[***]ify-[***]yapp-[***]ev-[***]055-[***]ment"}])
2020-12-07T23:21:29.382Z|info : amplify-provider-awscloudformation.upload-appsync-files.uploadAppSyncFiles.upload.s3Client.uploadFile([{"Key":"[***]vers/[***]e.res.vtl"}])
2020-12-07T23:21:29.382Z|info : amplify-provider-awscloudformation.aws-s3.uploadFile.s3.putObject([{"Key":"[***]ify-[***]ync-[***]es/[***]fbf5a68c3c0bff7d/[***]vers/[***]e.res.vtl","Bucket":"[***]ify-[***]yapp-[***]ev-[***]055-[***]ment"}])
2020-12-07T23:21:29.383Z|info : amplify-provider-awscloudformation.upload-appsync-files.uploadAppSyncFiles.upload.s3Client.uploadFile([{"Key":"[***]vers/[***]es.req.vtl"}])
2020-12-07T23:21:29.383Z|info : amplify-provider-awscloudformation.aws-s3.uploadFile.s3.putObject([{"Key":"[***]ify-[***]ync-[***]es/[***]fbf5a68c3c0bff7d/[***]vers/[***]es.req.vtl","Bucket":"[***]ify-[***]yapp-[***]ev-[***]055-[***]ment"}])
2020-12-07T23:21:29.385Z|info : amplify-provider-awscloudformation.upload-appsync-files.uploadAppSyncFiles.upload.s3Client.uploadFile([{"Key":"[***]vers/[***]es.res.vtl"}])
2020-12-07T23:21:29.385Z|info : amplify-provider-awscloudformation.aws-s3.uploadFile.s3.putObject([{"Key":"[***]ify-[***]ync-[***]es/[***]fbf5a68c3c0bff7d/[***]vers/[***]es.res.vtl","Bucket":"[***]ify-[***]yapp-[***]ev-[***]055-[***]ment"}])
2020-12-07T23:21:29.386Z|info : amplify-provider-awscloudformation.upload-appsync-files.uploadAppSyncFiles.upload.s3Client.uploadFile([{"Key":"[***]raphql"}])
2020-12-07T23:21:29.386Z|info : amplify-provider-awscloudformation.aws-s3.uploadFile.s3.putObject([{"Key":"[***]ify-[***]ync-[***]es/[***]fbf5a68c3c0bff7d/[***]raphql","Bucket":"[***]ify-[***]yapp-[***]ev-[***]055-[***]ment"}])
2020-12-07T23:21:29.388Z|info : amplify-provider-awscloudformation.upload-appsync-files.uploadAppSyncFiles.upload.s3Client.uploadFile([{"Key":"[***]cks/[***]ces.json"}])
2020-12-07T23:21:29.388Z|info : amplify-provider-awscloudformation.aws-s3.uploadFile.s3.putObject([{"Key":"[***]ify-[***]ync-[***]es/[***]fbf5a68c3c0bff7d/[***]cks/[***]ces.json","Bucket":"[***]ify-[***]yapp-[***]ev-[***]055-[***]ment"}])
2020-12-07T23:21:29.389Z|info : amplify-provider-awscloudformation.upload-appsync-files.uploadAppSyncFiles.upload.s3Client.uploadFile([{"Key":"[***]cks/[***]json"}])
2020-12-07T23:21:29.389Z|info : amplify-provider-awscloudformation.aws-s3.uploadFile.s3.putObject([{"Key":"[***]ify-[***]ync-[***]es/[***]fbf5a68c3c0bff7d/[***]cks/[***]json","Bucket":"[***]ify-[***]yapp-[***]ev-[***]055-[***]ment"}])
2020-12-07T23:21:30.770Z|info : amplify-provider-awscloudformation.aws-s3.uploadFile.s3.putObject([{"Key":"[***]ify-[***]fn-[***]ates/[***]pi/[***]mation-[***]e.json","Bucket":"[***]ify-[***]yapp-[***]ev-[***]055-[***]ment"}])
2020-12-07T23:21:31.365Z|info : amplify-provider-awscloudformation.push-resources.updateCloudFormationNestedStack(["D:\\Documents\\Github\\amplifyapp\\amplify\\backend\\awscloudformation","D:\\Documents\\Github\\amplifyapp\\amplify\\backend\\awscloudformation\\nested-cloudformation-stack.yml"])
2020-12-07T23:21:31.369Z|info : amplify-provider-awscloudformation.aws-cfn.updateResourceStack.s3.uploadFile([{}])
2020-12-07T23:21:31.369Z|info : amplify-provider-awscloudformation.aws-s3.uploadFile.s3.putObject([{"Key":"[***]ted-[***]mation-[***].yml","Bucket":"[***]ify-[***]yapp-[***]ev-[***]055-[***]ment"}])
2020-12-07T23:21:31.726Z|info : amplify-provider-awscloudformation.aws-cfn.updateResourceStack.describeStack([{"StackName":"[***]ify-[***]yapp-[***]ev-[***]055"}])
2020-12-07T23:21:31.727Z|info : amplify-provider-awscloudformation.aws-cfn.describeStack.cfn.describeStacks([{"StackName":"[***]ify-[***]yapp-[***]ev-[***]055"}])
2020-12-07T23:21:31.991Z|info : amplify-provider-awscloudformation.aws-cfn.updateResourceStack.updateStack([{"StackName":"[***]ify-[***]yapp-[***]ev-[***]055"}])
2020-12-07T23:21:37.629Z|info : amplify-provider-awscloudformation.aws-cfn.getStackEvents.cfnModel.describeStackEvents([{"StackName":"[***]ify-[***]yapp-[***]ev-[***]055"}])
2020-12-07T23:21:38.145Z|info : amplify-provider-awscloudformation.aws-cfn.getStackEvents.cfnModel.describeStackEvents([{"StackName":"[***]rmation:us-[***]st-[***]72:stack/[***]ify-[***]yapp-[***]ev-[***]055/[***]6fe0-[***]83-[***]eb-[***]2f-[***]04a03"}])
2020-12-07T23:21:42.628Z|info : amplify-provider-awscloudformation.aws-cfn.getStackEvents.cfnModel.describeStackEvents([{"StackName":"[***]ify-[***]yapp-[***]ev-[***]055"}])
2020-12-07T23:21:43.081Z|info : amplify-provider-awscloudformation.aws-cfn.getStackEvents.cfnModel.describeStackEvents([{"StackName":"[***]rmation:us-[***]st-[***]72:stack/[***]ify-[***]yapp-[***]ev-[***]055-[***]esapp-[***]X492V/[***]e7c0-[***]8f-[***]eb-[***]55-[***]748b1"}])
2020-12-07T23:21:43.179Z|info : amplify-provider-awscloudformation.aws-cfn.getStackEvents.cfnModel.describeStackEvents([{"StackName":"[***]rmation:us-[***]st-[***]72:stack/[***]ify-[***]yapp-[***]ev-[***]055/[***]6fe0-[***]83-[***]eb-[***]2f-[***]04a03"}])
2020-12-07T23:21:43.734Z|info : amplify-provider-awscloudformation.aws-cfn.getStackEvents.cfnModel.describeStackEvents([{"StackName":"[***]rmation:us-[***]st-[***]72:stack/[***]ify-[***]yapp-[***]ev-[***]055-[***]esapp-[***]X492V/[***]e7c0-[***]8f-[***]eb-[***]55-[***]748b1"}])
2020-12-07T23:21:47.631Z|info : amplify-provider-awscloudformation.aws-cfn.getStackEvents.cfnModel.describeStackEvents([{"StackName":"[***]ify-[***]yapp-[***]ev-[***]055"}])
2020-12-07T23:21:48.094Z|info : amplify-provider-awscloudformation.aws-cfn.getStackEvents.cfnModel.describeStackEvents([{"StackName":"[***]rmation:us-[***]st-[***]72:stack/[***]ify-[***]yapp-[***]ev-[***]055-[***]esapp-[***]X492V/[***]e7c0-[***]8f-[***]eb-[***]55-[***]748b1"}])
2020-12-07T23:21:48.193Z|info : amplify-provider-awscloudformation.aws-cfn.getStackEvents.cfnModel.describeStackEvents([{"StackName":"[***]rmation:us-[***]st-[***]72:stack/[***]ify-[***]yapp-[***]ev-[***]055/[***]6fe0-[***]83-[***]eb-[***]2f-[***]04a03"}])
2020-12-07T23:21:48.760Z|info : amplify-provider-awscloudformation.aws-cfn.getStackEvents.cfnModel.describeStackEvents([{"StackName":"[***]rmation:us-[***]st-[***]72:stack/[***]ify-[***]yapp-[***]ev-[***]055-[***]esapp-[***]X492V/[***]e7c0-[***]8f-[***]eb-[***]55-[***]748b1"}])
2020-12-07T23:21:52.632Z|info : amplify-provider-awscloudformation.aws-cfn.getStackEvents.cfnModel.describeStackEvents([{"StackName":"[***]ify-[***]yapp-[***]ev-[***]055"}])
2020-12-07T23:21:53.059Z|info : amplify-provider-awscloudformation.aws-cfn.getStackEvents.cfnModel.describeStackEvents([{"StackName":"[***]rmation:us-[***]st-[***]72:stack/[***]ify-[***]yapp-[***]ev-[***]055-[***]esapp-[***]X492V/[***]e7c0-[***]8f-[***]eb-[***]55-[***]748b1"}])
2020-12-07T23:21:53.158Z|info : amplify-provider-awscloudformation.aws-cfn.getStackEvents.cfnModel.describeStackEvents([{"StackName":"[***]rmation:us-[***]st-[***]72:stack/[***]ify-[***]yapp-[***]ev-[***]055/[***]6fe0-[***]83-[***]eb-[***]2f-[***]04a03"}])
2020-12-07T23:21:53.552Z|info : amplify-provider-awscloudformation.aws-cfn.getStackEvents.cfnModel.describeStackEvents([{"StackName":"[***]rmation:us-[***]st-[***]72:stack/[***]ify-[***]yapp-[***]ev-[***]055-[***]esapp-[***]X492V/[***]e7c0-[***]8f-[***]eb-[***]55-[***]748b1"}])
2020-12-07T23:21:57.635Z|info : amplify-provider-awscloudformation.aws-cfn.getStackEvents.cfnModel.describeStackEvents([{"StackName":"[***]ify-[***]yapp-[***]ev-[***]055"}])
2020-12-07T23:21:58.005Z|info : amplify-provider-awscloudformation.aws-cfn.getStackEvents.cfnModel.describeStackEvents([{"StackName":"[***]rmation:us-[***]st-[***]72:stack/[***]ify-[***]yapp-[***]ev-[***]055-[***]esapp-[***]X492V/[***]e7c0-[***]8f-[***]eb-[***]55-[***]748b1"}])
2020-12-07T23:21:58.103Z|info : amplify-provider-awscloudformation.aws-cfn.getStackEvents.cfnModel.describeStackEvents([{"StackName":"[***]rmation:us-[***]st-[***]72:stack/[***]ify-[***]yapp-[***]ev-[***]055/[***]6fe0-[***]83-[***]eb-[***]2f-[***]04a03"}])
2020-12-07T23:21:58.481Z|info : amplify-provider-awscloudformation.aws-cfn.getStackEvents.cfnModel.describeStackEvents([{"StackName":"[***]rmation:us-[***]st-[***]72:stack/[***]ify-[***]yapp-[***]ev-[***]055-[***]esapp-[***]X492V/[***]e7c0-[***]8f-[***]eb-[***]55-[***]748b1"}])
2020-12-07T23:22:02.640Z|info : amplify-provider-awscloudformation.aws-cfn.getStackEvents.cfnModel.describeStackEvents([{"StackName":"[***]ify-[***]yapp-[***]ev-[***]055"}])
2020-12-07T23:22:03.195Z|info : amplify-provider-awscloudformation.aws-cfn.getStackEvents.cfnModel.describeStackEvents([{"StackName":"[***]rmation:us-[***]st-[***]72:stack/[***]ify-[***]yapp-[***]ev-[***]055-[***]esapp-[***]X492V/[***]e7c0-[***]8f-[***]eb-[***]55-[***]748b1"}])
2020-12-07T23:22:03.294Z|info : amplify-provider-awscloudformation.aws-cfn.getStackEvents.cfnModel.describeStackEvents([{"StackName":"[***]rmation:us-[***]st-[***]72:stack/[***]ify-[***]yapp-[***]ev-[***]055/[***]6fe0-[***]83-[***]eb-[***]2f-[***]04a03"}])
2020-12-07T23:22:03.714Z|info : amplify-provider-awscloudformation.aws-cfn.getStackEvents.cfnModel.describeStackEvents([{"StackName":"[***]rmation:us-[***]st-[***]72:stack/[***]ify-[***]yapp-[***]ev-[***]055-[***]esapp-[***]X492V/[***]e7c0-[***]8f-[***]eb-[***]55-[***]748b1"}])
2020-12-07T23:22:07.642Z|info : amplify-provider-awscloudformation.aws-cfn.getStackEvents.cfnModel.describeStackEvents([{"StackName":"[***]ify-[***]yapp-[***]ev-[***]055"}])
2020-12-07T23:22:08.207Z|info : amplify-provider-awscloudformation.aws-cfn.getStackEvents.cfnModel.describeStackEvents([{"StackName":"[***]rmation:us-[***]st-[***]72:stack/[***]ify-[***]yapp-[***]ev-[***]055-[***]esapp-[***]X492V/[***]e7c0-[***]8f-[***]eb-[***]55-[***]748b1"}])
2020-12-07T23:22:08.305Z|info : amplify-provider-awscloudformation.aws-cfn.getStackEvents.cfnModel.describeStackEvents([{"StackName":"[***]rmation:us-[***]st-[***]72:stack/[***]ify-[***]yapp-[***]ev-[***]055/[***]6fe0-[***]83-[***]eb-[***]2f-[***]04a03"}])
2020-12-07T23:22:08.655Z|info : amplify-provider-awscloudformation.aws-cfn.getStackEvents.cfnModel.describeStackEvents([{"StackName":"[***]rmation:us-[***]st-[***]72:stack/[***]ify-[***]yapp-[***]ev-[***]055-[***]esapp-[***]X492V/[***]e7c0-[***]8f-[***]eb-[***]55-[***]748b1"}])
2020-12-07T23:22:12.642Z|info : amplify-provider-awscloudformation.aws-cfn.getStackEvents.cfnModel.describeStackEvents([{"StackName":"[***]ify-[***]yapp-[***]ev-[***]055"}])
2020-12-07T23:22:13.049Z|info : amplify-provider-awscloudformation.aws-cfn.getStackEvents.cfnModel.describeStackEvents([{"StackName":"[***]rmation:us-[***]st-[***]72:stack/[***]ify-[***]yapp-[***]ev-[***]055-[***]esapp-[***]X492V/[***]e7c0-[***]8f-[***]eb-[***]55-[***]748b1"}])
2020-12-07T23:22:13.149Z|info : amplify-provider-awscloudformation.aws-cfn.getStackEvents.cfnModel.describeStackEvents([{"StackName":"[***]rmation:us-[***]st-[***]72:stack/[***]ify-[***]yapp-[***]ev-[***]055/[***]6fe0-[***]83-[***]eb-[***]2f-[***]04a03"}])
2020-12-07T23:22:13.715Z|info : amplify-provider-awscloudformation.aws-cfn.getStackEvents.cfnModel.describeStackEvents([{"StackName":"[***]rmation:us-[***]st-[***]72:stack/[***]ify-[***]yapp-[***]ev-[***]055-[***]esapp-[***]X492V/[***]e7c0-[***]8f-[***]eb-[***]55-[***]748b1"}])
2020-12-07T23:22:17.646Z|info : amplify-provider-awscloudformation.aws-cfn.getStackEvents.cfnModel.describeStackEvents([{"StackName":"[***]ify-[***]yapp-[***]ev-[***]055"}])
2020-12-07T23:22:18.214Z|info : amplify-provider-awscloudformation.aws-cfn.getStackEvents.cfnModel.describeStackEvents([{"StackName":"[***]rmation:us-[***]st-[***]72:stack/[***]ify-[***]yapp-[***]ev-[***]055-[***]esapp-[***]X492V/[***]e7c0-[***]8f-[***]eb-[***]55-[***]748b1"}])
2020-12-07T23:22:18.313Z|info : amplify-provider-awscloudformation.aws-cfn.getStackEvents.cfnModel.describeStackEvents([{"StackName":"[***]rmation:us-[***]st-[***]72:stack/[***]ify-[***]yapp-[***]ev-[***]055/[***]6fe0-[***]83-[***]eb-[***]2f-[***]04a03"}])
2020-12-07T23:22:18.700Z|info : amplify-provider-awscloudformation.aws-cfn.getStackEvents.cfnModel.describeStackEvents([{"StackName":"[***]rmation:us-[***]st-[***]72:stack/[***]ify-[***]yapp-[***]ev-[***]055-[***]esapp-[***]X492V/[***]e7c0-[***]8f-[***]eb-[***]55-[***]748b1"}])
2020-12-07T23:22:22.647Z|info : amplify-provider-awscloudformation.aws-cfn.getStackEvents.cfnModel.describeStackEvents([{"StackName":"[***]ify-[***]yapp-[***]ev-[***]055"}])
2020-12-07T23:22:23.119Z|info : amplify-provider-awscloudformation.aws-cfn.getStackEvents.cfnModel.describeStackEvents([{"StackName":"[***]rmation:us-[***]st-[***]72:stack/[***]ify-[***]yapp-[***]ev-[***]055-[***]esapp-[***]X492V/[***]e7c0-[***]8f-[***]eb-[***]55-[***]748b1"}])
2020-12-07T23:22:23.219Z|info : amplify-provider-awscloudformation.aws-cfn.getStackEvents.cfnModel.describeStackEvents([{"StackName":"[***]rmation:us-[***]st-[***]72:stack/[***]ify-[***]yapp-[***]ev-[***]055/[***]6fe0-[***]83-[***]eb-[***]2f-[***]04a03"}])
2020-12-07T23:22:23.701Z|info : amplify-provider-awscloudformation.aws-cfn.getStackEvents.cfnModel.describeStackEvents([{"StackName":"[***]rmation:us-[***]st-[***]72:stack/[***]ify-[***]yapp-[***]ev-[***]055-[***]esapp-[***]X492V/[***]e7c0-[***]8f-[***]eb-[***]55-[***]748b1"}])
2020-12-07T23:22:27.649Z|info : amplify-provider-awscloudformation.aws-cfn.getStackEvents.cfnModel.describeStackEvents([{"StackName":"[***]ify-[***]yapp-[***]ev-[***]055"}])
2020-12-07T23:22:28.076Z|info : amplify-provider-awscloudformation.aws-cfn.getStackEvents.cfnModel.describeStackEvents([{"StackName":"[***]rmation:us-[***]st-[***]72:stack/[***]ify-[***]yapp-[***]ev-[***]055-[***]esapp-[***]X492V/[***]e7c0-[***]8f-[***]eb-[***]55-[***]748b1"}])
2020-12-07T23:22:28.175Z|info : amplify-provider-awscloudformation.aws-cfn.getStackEvents.cfnModel.describeStackEvents([{"StackName":"[***]rmation:us-[***]st-[***]72:stack/[***]ify-[***]yapp-[***]ev-[***]055/[***]6fe0-[***]83-[***]eb-[***]2f-[***]04a03"}])
2020-12-07T23:22:28.535Z|info : amplify-provider-awscloudformation.aws-cfn.getStackEvents.cfnModel.describeStackEvents([{"StackName":"[***]rmation:us-[***]st-[***]72:stack/[***]ify-[***]yapp-[***]ev-[***]055-[***]esapp-[***]X492V/[***]e7c0-[***]8f-[***]eb-[***]55-[***]748b1"}])
2020-12-07T23:22:32.651Z|info : amplify-provider-awscloudformation.aws-cfn.getStackEvents.cfnModel.describeStackEvents([{"StackName":"[***]ify-[***]yapp-[***]ev-[***]055"}])
2020-12-07T23:22:33.197Z|info : amplify-provider-awscloudformation.aws-cfn.getStackEvents.cfnModel.describeStackEvents([{"StackName":"[***]rmation:us-[***]st-[***]72:stack/[***]ify-[***]yapp-[***]ev-[***]055-[***]esapp-[***]X492V/[***]e7c0-[***]8f-[***]eb-[***]55-[***]748b1"}])
2020-12-07T23:22:33.298Z|info : amplify-provider-awscloudformation.aws-cfn.getStackEvents.cfnModel.describeStackEvents([{"StackName":"[***]rmation:us-[***]st-[***]72:stack/[***]ify-[***]yapp-[***]ev-[***]055/[***]6fe0-[***]83-[***]eb-[***]2f-[***]04a03"}])
2020-12-07T23:22:33.676Z|info : amplify-provider-awscloudformation.aws-cfn.getStackEvents.cfnModel.describeStackEvents([{"StackName":"[***]rmation:us-[***]st-[***]72:stack/[***]ify-[***]yapp-[***]ev-[***]055-[***]esapp-[***]X492V/[***]e7c0-[***]8f-[***]eb-[***]55-[***]748b1"}])
2020-12-07T23:22:37.652Z|info : amplify-provider-awscloudformation.aws-cfn.getStackEvents.cfnModel.describeStackEvents([{"StackName":"[***]ify-[***]yapp-[***]ev-[***]055"}])
2020-12-07T23:22:38.122Z|info : amplify-provider-awscloudformation.aws-cfn.getStackEvents.cfnModel.describeStackEvents([{"StackName":"[***]rmation:us-[***]st-[***]72:stack/[***]ify-[***]yapp-[***]ev-[***]055-[***]esapp-[***]X492V/[***]e7c0-[***]8f-[***]eb-[***]55-[***]748b1"}])
2020-12-07T23:22:38.219Z|info : amplify-provider-awscloudformation.aws-cfn.getStackEvents.cfnModel.describeStackEvents([{"StackName":"[***]rmation:us-[***]st-[***]72:stack/[***]ify-[***]yapp-[***]ev-[***]055/[***]6fe0-[***]83-[***]eb-[***]2f-[***]04a03"}])
2020-12-07T23:22:38.590Z|info : amplify-provider-awscloudformation.aws-cfn.getStackEvents.cfnModel.describeStackEvents([{"StackName":"[***]rmation:us-[***]st-[***]72:stack/[***]ify-[***]yapp-[***]ev-[***]055-[***]esapp-[***]X492V/[***]e7c0-[***]8f-[***]eb-[***]55-[***]748b1"}])
2020-12-07T23:22:42.654Z|info : amplify-provider-awscloudformation.aws-cfn.getStackEvents.cfnModel.describeStackEvents([{"StackName":"[***]ify-[***]yapp-[***]ev-[***]055"}])
2020-12-07T23:22:43.214Z|info : amplify-provider-awscloudformation.aws-cfn.getStackEvents.cfnModel.describeStackEvents([{"StackName":"[***]rmation:us-[***]st-[***]72:stack/[***]ify-[***]yapp-[***]ev-[***]055-[***]esapp-[***]X492V/[***]e7c0-[***]8f-[***]eb-[***]55-[***]748b1"}])
2020-12-07T23:22:43.314Z|info : amplify-provider-awscloudformation.aws-cfn.getStackEvents.cfnModel.describeStackEvents([{"StackName":"[***]rmation:us-[***]st-[***]72:stack/[***]ify-[***]yapp-[***]ev-[***]055/[***]6fe0-[***]83-[***]eb-[***]2f-[***]04a03"}])
2020-12-07T23:22:43.695Z|info : amplify-provider-awscloudformation.aws-cfn.getStackEvents.cfnModel.describeStackEvents([{"StackName":"[***]rmation:us-[***]st-[***]72:stack/[***]ify-[***]yapp-[***]ev-[***]055-[***]esapp-[***]X492V/[***]e7c0-[***]8f-[***]eb-[***]55-[***]748b1"}])
2020-12-07T23:22:47.655Z|info : amplify-provider-awscloudformation.aws-cfn.getStackEvents.cfnModel.describeStackEvents([{"StackName":"[***]ify-[***]yapp-[***]ev-[***]055"}])
2020-12-07T23:22:48.051Z|info : amplify-provider-awscloudformation.aws-cfn.getStackEvents.cfnModel.describeStackEvents([{"StackName":"[***]rmation:us-[***]st-[***]72:stack/[***]ify-[***]yapp-[***]ev-[***]055-[***]esapp-[***]X492V/[***]e7c0-[***]8f-[***]eb-[***]55-[***]748b1"}])
2020-12-07T23:22:48.153Z|info : amplify-provider-awscloudformation.aws-cfn.getStackEvents.cfnModel.describeStackEvents([{"StackName":"[***]rmation:us-[***]st-[***]72:stack/[***]ify-[***]yapp-[***]ev-[***]055/[***]6fe0-[***]83-[***]eb-[***]2f-[***]04a03"}])
2020-12-07T23:22:48.705Z|info : amplify-provider-awscloudformation.aws-cfn.getStackEvents.cfnModel.describeStackEvents([{"StackName":"[***]rmation:us-[***]st-[***]72:stack/[***]ify-[***]yapp-[***]ev-[***]055-[***]esapp-[***]X492V/[***]e7c0-[***]8f-[***]eb-[***]55-[***]748b1"}])
2020-12-07T23:22:52.657Z|info : amplify-provider-awscloudformation.aws-cfn.getStackEvents.cfnModel.describeStackEvents([{"StackName":"[***]ify-[***]yapp-[***]ev-[***]055"}])
2020-12-07T23:22:53.068Z|info : amplify-provider-awscloudformation.aws-cfn.getStackEvents.cfnModel.describeStackEvents([{"StackName":"[***]rmation:us-[***]st-[***]72:stack/[***]ify-[***]yapp-[***]ev-[***]055-[***]esapp-[***]X492V/[***]e7c0-[***]8f-[***]eb-[***]55-[***]748b1"}])
2020-12-07T23:22:53.166Z|info : amplify-provider-awscloudformation.aws-cfn.getStackEvents.cfnModel.describeStackEvents([{"StackName":"[***]rmation:us-[***]st-[***]72:stack/[***]ify-[***]yapp-[***]ev-[***]055/[***]6fe0-[***]83-[***]eb-[***]2f-[***]04a03"}])
2020-12-07T23:22:53.400Z|info : amplify-provider-awscloudformation.aws-cfn.getStackEvents.cfnModel.describeStackEvents([{"StackName":"[***]rmation:us-[***]st-[***]72:stack/[***]ify-[***]yapp-[***]ev-[***]055-[***]esapp-[***]X492V-[***]te-[***]YG78Q/[***]2bb0-[***]8f-[***]eb-[***]23-[***]0e3eb"}])
2020-12-07T23:22:53.539Z|info : amplify-provider-awscloudformation.aws-cfn.getStackEvents.cfnModel.describeStackEvents([{"StackName":"[***]rmation:us-[***]st-[***]72:stack/[***]ify-[***]yapp-[***]ev-[***]055-[***]esapp-[***]X492V/[***]e7c0-[***]8f-[***]eb-[***]55-[***]748b1"}])
2020-12-07T23:22:53.826Z|info : amplify-provider-awscloudformation.aws-cfn.getStackEvents.cfnModel.describeStackEvents([{"StackName":"[***]rmation:us-[***]st-[***]72:stack/[***]ify-[***]yapp-[***]ev-[***]055-[***]esapp-[***]X492V-[***]te-[***]YG78Q/[***]2bb0-[***]8f-[***]eb-[***]23-[***]0e3eb"}])
2020-12-07T23:22:57.661Z|info : amplify-provider-awscloudformation.aws-cfn.getStackEvents.cfnModel.describeStackEvents([{"StackName":"[***]ify-[***]yapp-[***]ev-[***]055"}])
2020-12-07T23:22:58.125Z|info : amplify-provider-awscloudformation.aws-cfn.getStackEvents.cfnModel.describeStackEvents([{"StackName":"[***]rmation:us-[***]st-[***]72:stack/[***]ify-[***]yapp-[***]ev-[***]055-[***]esapp-[***]X492V/[***]e7c0-[***]8f-[***]eb-[***]55-[***]748b1"}])
2020-12-07T23:22:58.225Z|info : amplify-provider-awscloudformation.aws-cfn.getStackEvents.cfnModel.describeStackEvents([{"StackName":"[***]rmation:us-[***]st-[***]72:stack/[***]ify-[***]yapp-[***]ev-[***]055/[***]6fe0-[***]83-[***]eb-[***]2f-[***]04a03"}])
2020-12-07T23:22:58.442Z|info : amplify-provider-awscloudformation.aws-cfn.getStackEvents.cfnModel.describeStackEvents([{"StackName":"[***]rmation:us-[***]st-[***]72:stack/[***]ify-[***]yapp-[***]ev-[***]055-[***]esapp-[***]X492V-[***]te-[***]YG78Q/[***]2bb0-[***]8f-[***]eb-[***]23-[***]0e3eb"}])
2020-12-07T23:22:58.575Z|info : amplify-provider-awscloudformation.aws-cfn.getStackEvents.cfnModel.describeStackEvents([{"StackName":"[***]rmation:us-[***]st-[***]72:stack/[***]ify-[***]yapp-[***]ev-[***]055-[***]esapp-[***]X492V/[***]e7c0-[***]8f-[***]eb-[***]55-[***]748b1"}])
2020-12-07T23:22:59.020Z|info : amplify-provider-awscloudformation.aws-cfn.getStackEvents.cfnModel.describeStackEvents([{"StackName":"[***]rmation:us-[***]st-[***]72:stack/[***]ify-[***]yapp-[***]ev-[***]055-[***]esapp-[***]X492V-[***]te-[***]YG78Q/[***]2bb0-[***]8f-[***]eb-[***]23-[***]0e3eb"}])
2020-12-07T23:23:02.661Z|info : amplify-provider-awscloudformation.aws-cfn.getStackEvents.cfnModel.describeStackEvents([{"StackName":"[***]ify-[***]yapp-[***]ev-[***]055"}])
2020-12-07T23:23:03.130Z|info : amplify-provider-awscloudformation.aws-cfn.getStackEvents.cfnModel.describeStackEvents([{"StackName":"[***]rmation:us-[***]st-[***]72:stack/[***]ify-[***]yapp-[***]ev-[***]055-[***]esapp-[***]X492V/[***]e7c0-[***]8f-[***]eb-[***]55-[***]748b1"}])
2020-12-07T23:23:03.228Z|info : amplify-provider-awscloudformation.aws-cfn.getStackEvents.cfnModel.describeStackEvents([{"StackName":"[***]rmation:us-[***]st-[***]72:stack/[***]ify-[***]yapp-[***]ev-[***]055/[***]6fe0-[***]83-[***]eb-[***]2f-[***]04a03"}])
2020-12-07T23:23:03.425Z|info : amplify-provider-awscloudformation.aws-cfn.getStackEvents.cfnModel.describeStackEvents([{"StackName":"[***]rmation:us-[***]st-[***]72:stack/[***]ify-[***]yapp-[***]ev-[***]055-[***]esapp-[***]X492V-[***]te-[***]YG78Q/[***]2bb0-[***]8f-[***]eb-[***]23-[***]0e3eb"}])
2020-12-07T23:23:03.577Z|info : amplify-provider-awscloudformation.aws-cfn.getStackEvents.cfnModel.describeStackEvents([{"StackName":"[***]rmation:us-[***]st-[***]72:stack/[***]ify-[***]yapp-[***]ev-[***]055-[***]esapp-[***]X492V/[***]e7c0-[***]8f-[***]eb-[***]55-[***]748b1"}])
2020-12-07T23:23:03.878Z|info : amplify-provider-awscloudformation.aws-cfn.getStackEvents.cfnModel.describeStackEvents([{"StackName":"[***]rmation:us-[***]st-[***]72:stack/[***]ify-[***]yapp-[***]ev-[***]055-[***]esapp-[***]X492V-[***]te-[***]YG78Q/[***]2bb0-[***]8f-[***]eb-[***]23-[***]0e3eb"}])
2020-12-07T23:23:07.665Z|info : amplify-provider-awscloudformation.aws-cfn.getStackEvents.cfnModel.describeStackEvents([{"StackName":"[***]ify-[***]yapp-[***]ev-[***]055"}])
2020-12-07T23:23:08.051Z|info : amplify-provider-awscloudformation.aws-cfn.getStackEvents.cfnModel.describeStackEvents([{"StackName":"[***]rmation:us-[***]st-[***]72:stack/[***]ify-[***]yapp-[***]ev-[***]055-[***]esapp-[***]X492V/[***]e7c0-[***]8f-[***]eb-[***]55-[***]748b1"}])
2020-12-07T23:23:08.149Z|info : amplify-provider-awscloudformation.aws-cfn.getStackEvents.cfnModel.describeStackEvents([{"StackName":"[***]rmation:us-[***]st-[***]72:stack/[***]ify-[***]yapp-[***]ev-[***]055/[***]6fe0-[***]83-[***]eb-[***]2f-[***]04a03"}])
2020-12-07T23:23:08.448Z|info : amplify-provider-awscloudformation.aws-cfn.getStackEvents.cfnModel.describeStackEvents([{"StackName":"[***]rmation:us-[***]st-[***]72:stack/[***]ify-[***]yapp-[***]ev-[***]055-[***]esapp-[***]X492V-[***]te-[***]YG78Q/[***]2bb0-[***]8f-[***]eb-[***]23-[***]0e3eb"}])
2020-12-07T23:23:08.547Z|info : amplify-provider-awscloudformation.aws-cfn.getStackEvents.cfnModel.describeStackEvents([{"StackName":"[***]rmation:us-[***]st-[***]72:stack/[***]ify-[***]yapp-[***]ev-[***]055-[***]esapp-[***]X492V/[***]e7c0-[***]8f-[***]eb-[***]55-[***]748b1"}])
2020-12-07T23:23:08.932Z|info : amplify-provider-awscloudformation.aws-cfn.getStackEvents.cfnModel.describeStackEvents([{"StackName":"[***]rmation:us-[***]st-[***]72:stack/[***]ify-[***]yapp-[***]ev-[***]055-[***]esapp-[***]X492V-[***]te-[***]YG78Q/[***]2bb0-[***]8f-[***]eb-[***]23-[***]0e3eb"}])
2020-12-07T23:23:12.665Z|info : amplify-provider-awscloudformation.aws-cfn.getStackEvents.cfnModel.describeStackEvents([{"StackName":"[***]ify-[***]yapp-[***]ev-[***]055"}])
2020-12-07T23:23:13.085Z|info : amplify-provider-awscloudformation.aws-cfn.getStackEvents.cfnModel.describeStackEvents([{"StackName":"[***]rmation:us-[***]st-[***]72:stack/[***]ify-[***]yapp-[***]ev-[***]055-[***]esapp-[***]X492V/[***]e7c0-[***]8f-[***]eb-[***]55-[***]748b1"}])
2020-12-07T23:23:13.183Z|info : amplify-provider-awscloudformation.aws-cfn.getStackEvents.cfnModel.describeStackEvents([{"StackName":"[***]rmation:us-[***]st-[***]72:stack/[***]ify-[***]yapp-[***]ev-[***]055/[***]6fe0-[***]83-[***]eb-[***]2f-[***]04a03"}])
2020-12-07T23:23:13.392Z|info : amplify-provider-awscloudformation.aws-cfn.getStackEvents.cfnModel.describeStackEvents([{"StackName":"[***]rmation:us-[***]st-[***]72:stack/[***]ify-[***]yapp-[***]ev-[***]055-[***]esapp-[***]X492V-[***]te-[***]YG78Q/[***]2bb0-[***]8f-[***]eb-[***]23-[***]0e3eb"}])
2020-12-07T23:23:13.709Z|info : amplify-provider-awscloudformation.aws-cfn.getStackEvents.cfnModel.describeStackEvents([{"StackName":"[***]rmation:us-[***]st-[***]72:stack/[***]ify-[***]yapp-[***]ev-[***]055-[***]esapp-[***]X492V/[***]e7c0-[***]8f-[***]eb-[***]55-[***]748b1"}])
2020-12-07T23:23:14.036Z|info : amplify-provider-awscloudformation.aws-cfn.getStackEvents.cfnModel.describeStackEvents([{"StackName":"[***]rmation:us-[***]st-[***]72:stack/[***]ify-[***]yapp-[***]ev-[***]055-[***]esapp-[***]X492V-[***]te-[***]YG78Q/[***]2bb0-[***]8f-[***]eb-[***]23-[***]0e3eb"}])
2020-12-07T23:23:17.668Z|info : amplify-provider-awscloudformation.aws-cfn.getStackEvents.cfnModel.describeStackEvents([{"StackName":"[***]ify-[***]yapp-[***]ev-[***]055"}])
2020-12-07T23:23:18.046Z|info : amplify-provider-awscloudformation.aws-cfn.getStackEvents.cfnModel.describeStackEvents([{"StackName":"[***]rmation:us-[***]st-[***]72:stack/[***]ify-[***]yapp-[***]ev-[***]055-[***]esapp-[***]X492V/[***]e7c0-[***]8f-[***]eb-[***]55-[***]748b1"}])
2020-12-07T23:23:18.145Z|info : amplify-provider-awscloudformation.aws-cfn.getStackEvents.cfnModel.describeStackEvents([{"StackName":"[***]rmation:us-[***]st-[***]72:stack/[***]ify-[***]yapp-[***]ev-[***]055/[***]6fe0-[***]83-[***]eb-[***]2f-[***]04a03"}])
2020-12-07T23:23:18.601Z|info : amplify-provider-awscloudformation.aws-cfn.getStackEvents.cfnModel.describeStackEvents([{"StackName":"[***]rmation:us-[***]st-[***]72:stack/[***]ify-[***]yapp-[***]ev-[***]055-[***]esapp-[***]X492V/[***]e7c0-[***]8f-[***]eb-[***]55-[***]748b1"}])
2020-12-07T23:23:18.895Z|info : amplify-provider-awscloudformation.aws-cfn.getStackEvents.cfnModel.describeStackEvents([{"StackName":"[***]rmation:us-[***]st-[***]72:stack/[***]ify-[***]yapp-[***]ev-[***]055-[***]esapp-[***]X492V-[***]rcesjson-[***]UN3O6P/[***]2310-[***]8f-[***]eb-[***]9e-[***]28cf7"}])
2020-12-07T23:23:22.666Z|info : amplify-provider-awscloudformation.aws-cfn.getStackEvents.cfnModel.describeStackEvents([{"StackName":"[***]ify-[***]yapp-[***]ev-[***]055"}])
2020-12-07T23:23:23.052Z|info : amplify-provider-awscloudformation.aws-cfn.getStackEvents.cfnModel.describeStackEvents([{"StackName":"[***]rmation:us-[***]st-[***]72:stack/[***]ify-[***]yapp-[***]ev-[***]055-[***]esapp-[***]X492V/[***]e7c0-[***]8f-[***]eb-[***]55-[***]748b1"}])
2020-12-07T23:23:23.151Z|info : amplify-provider-awscloudformation.aws-cfn.getStackEvents.cfnModel.describeStackEvents([{"StackName":"[***]rmation:us-[***]st-[***]72:stack/[***]ify-[***]yapp-[***]ev-[***]055/[***]6fe0-[***]83-[***]eb-[***]2f-[***]04a03"}])
2020-12-07T23:23:23.559Z|info : amplify-provider-awscloudformation.aws-cfn.getStackEvents.cfnModel.describeStackEvents([{"StackName":"[***]rmation:us-[***]st-[***]72:stack/[***]ify-[***]yapp-[***]ev-[***]055-[***]esapp-[***]X492V/[***]e7c0-[***]8f-[***]eb-[***]55-[***]748b1"}])
2020-12-07T23:23:27.673Z|info : amplify-provider-awscloudformation.aws-cfn.getStackEvents.cfnModel.describeStackEvents([{"StackName":"[***]ify-[***]yapp-[***]ev-[***]055"}])
2020-12-07T23:23:28.062Z|info : amplify-provider-awscloudformation.aws-cfn.getStackEvents.cfnModel.describeStackEvents([{"StackName":"[***]rmation:us-[***]st-[***]72:stack/[***]ify-[***]yapp-[***]ev-[***]055-[***]esapp-[***]X492V/[***]e7c0-[***]8f-[***]eb-[***]55-[***]748b1"}])
2020-12-07T23:23:28.163Z|info : amplify-provider-awscloudformation.aws-cfn.getStackEvents.cfnModel.describeStackEvents([{"StackName":"[***]rmation:us-[***]st-[***]72:stack/[***]ify-[***]yapp-[***]ev-[***]055/[***]6fe0-[***]83-[***]eb-[***]2f-[***]04a03"}])
2020-12-07T23:23:28.552Z|info : amplify-provider-awscloudformation.aws-cfn.getStackEvents.cfnModel.describeStackEvents([{"StackName":"[***]rmation:us-[***]st-[***]72:stack/[***]ify-[***]yapp-[***]ev-[***]055-[***]esapp-[***]X492V/[***]e7c0-[***]8f-[***]eb-[***]55-[***]748b1"}])
2020-12-07T23:23:32.672Z|info : amplify-provider-awscloudformation.aws-cfn.getStackEvents.cfnModel.describeStackEvents([{"StackName":"[***]ify-[***]yapp-[***]ev-[***]055"}])
2020-12-07T23:23:33.045Z|info : amplify-provider-awscloudformation.aws-cfn.getStackEvents.cfnModel.describeStackEvents([{"StackName":"[***]rmation:us-[***]st-[***]72:stack/[***]ify-[***]yapp-[***]ev-[***]055-[***]esapp-[***]X492V/[***]e7c0-[***]8f-[***]eb-[***]55-[***]748b1"}])
2020-12-07T23:23:33.145Z|info : amplify-provider-awscloudformation.aws-cfn.getStackEvents.cfnModel.describeStackEvents([{"StackName":"[***]rmation:us-[***]st-[***]72:stack/[***]ify-[***]yapp-[***]ev-[***]055/[***]6fe0-[***]83-[***]eb-[***]2f-[***]04a03"}])
2020-12-07T23:23:33.500Z|info : amplify-provider-awscloudformation.aws-cfn.getStackEvents.cfnModel.describeStackEvents([{"StackName":"[***]rmation:us-[***]st-[***]72:stack/[***]ify-[***]yapp-[***]ev-[***]055-[***]esapp-[***]X492V/[***]e7c0-[***]8f-[***]eb-[***]55-[***]748b1"}])
2020-12-07T23:23:37.671Z|info : amplify-provider-awscloudformation.aws-cfn.getStackEvents.cfnModel.describeStackEvents([{"StackName":"[***]ify-[***]yapp-[***]ev-[***]055"}])
2020-12-07T23:23:38.026Z|info : amplify-provider-awscloudformation.aws-cfn.getStackEvents.cfnModel.describeStackEvents([{"StackName":"[***]rmation:us-[***]st-[***]72:stack/[***]ify-[***]yapp-[***]ev-[***]055/[***]6fe0-[***]83-[***]eb-[***]2f-[***]04a03"}])
2020-12-07T23:23:42.675Z|info : amplify-provider-awscloudformation.aws-cfn.getStackEvents.cfnModel.describeStackEvents([{"StackName":"[***]ify-[***]yapp-[***]ev-[***]055"}])
2020-12-07T23:23:43.068Z|info : amplify-provider-awscloudformation.aws-cfn.getStackEvents.cfnModel.describeStackEvents([{"StackName":"[***]rmation:us-[***]st-[***]72:stack/[***]ify-[***]yapp-[***]ev-[***]055/[***]6fe0-[***]83-[***]eb-[***]2f-[***]04a03"}])
2020-12-07T23:23:47.676Z|info : amplify-provider-awscloudformation.aws-cfn.getStackEvents.cfnModel.describeStackEvents([{"StackName":"[***]ify-[***]yapp-[***]ev-[***]055"}])
2020-12-07T23:23:48.074Z|info : amplify-provider-awscloudformation.aws-cfn.getStackEvents.cfnModel.describeStackEvents([{"StackName":"[***]rmation:us-[***]st-[***]72:stack/[***]ify-[***]yapp-[***]ev-[***]055/[***]6fe0-[***]83-[***]eb-[***]2f-[***]04a03"}])
2020-12-07T23:23:52.678Z|info : amplify-provider-awscloudformation.aws-cfn.getStackEvents.cfnModel.describeStackEvents([{"StackName":"[***]ify-[***]yapp-[***]ev-[***]055"}])
2020-12-07T23:23:53.087Z|info : amplify-provider-awscloudformation.aws-cfn.getStackEvents.cfnModel.describeStackEvents([{"StackName":"[***]rmation:us-[***]st-[***]72:stack/[***]ify-[***]yapp-[***]ev-[***]055/[***]6fe0-[***]83-[***]eb-[***]2f-[***]04a03"}])
2020-12-07T23:23:57.680Z|info : amplify-provider-awscloudformation.aws-cfn.getStackEvents.cfnModel.describeStackEvents([{"StackName":"[***]ify-[***]yapp-[***]ev-[***]055"}])
2020-12-07T23:23:58.234Z|info : amplify-provider-awscloudformation.aws-cfn.getStackEvents.cfnModel.describeStackEvents([{"StackName":"[***]rmation:us-[***]st-[***]72:stack/[***]ify-[***]yapp-[***]ev-[***]055/[***]6fe0-[***]83-[***]eb-[***]2f-[***]04a03"}])
2020-12-07T23:24:02.682Z|info : amplify-provider-awscloudformation.aws-cfn.getStackEvents.cfnModel.describeStackEvents([{"StackName":"[***]ify-[***]yapp-[***]ev-[***]055"}])
2020-12-07T23:24:04.134Z|info : amplify-provider-awscloudformation.aws-cfn.updateamplifyMetaFileWithStackOutputs.cfn.describeStackResources([{"StackName":"[***]ify-[***]yapp-[***]ev-[***]055"}])
2020-12-07T23:24:04.403Z|info : amplify-provider-awscloudformation.aws-cfn.describeStack.cfn.describeStacks([{"StackName":"[***]rmation:us-[***]st-[***]72:stack/[***]ify-[***]yapp-[***]ev-[***]055-[***]esapp-[***]X492V/[***]e7c0-[***]8f-[***]eb-[***]55-[***]748b1"}])
2020-12-07T23:24:04.404Z|info : amplify-provider-awscloudformation.aws-cfn.describeStack.cfn.describeStacks([{"StackName":"[***]rmation:us-[***]st-[***]72:stack/[***]ify-[***]yapp-[***]ev-[***]055-[***]p2eb83319-[***]17AFV2/[***]8d70-[***]8d-[***]eb-[***]ec-[***]e5d77"}])
2020-12-07T23:24:04.772Z|info : amplify-provider-awscloudformation.push-resources.storeCurrentcoudBackend.s3.uploadFile([{"Key":"[***]rent-[***]ud-[***]d.zip"}])
2020-12-07T23:24:04.774Z|info : amplify-provider-awscloudformation.aws-s3.uploadFile.s3.putObject([{"Key":"[***]rent-[***]ud-[***]d.zip","Bucket":"[***]ify-[***]yapp-[***]ev-[***]055-[***]ment"}])
2020-12-07T23:24:05.169Z|info : amplify-provider-awscloudformation.amplify-service-manager.s3.uploadFile([{"Key":"[***]ify-[***]json"}])
2020-12-07T23:24:05.171Z|info : amplify-provider-awscloudformation.aws-s3.uploadFile.s3.putObject([{"Key":"[***]ify-[***]json","Bucket":"[***]ify-[***]yapp-[***]ev-[***]055-[***]ment"}])
2020-12-07T23:24:05.462Z|info : amplify-provider-awscloudformation.amplify-service-manager.s3.uploadFile([{"Key":"[***]end-[***].json"}])
2020-12-07T23:24:05.463Z|info : amplify-provider-awscloudformation.aws-s3.uploadFile.s3.putObject([{"Key":"[***]end-[***].json","Bucket":"[***]ify-[***]yapp-[***]ev-[***]055-[***]ment"}])
