2020-12-12T15:42:12.797Z|info : amplify console core  
2020-12-12T15:51:57.407Z|info : amplify add storage  
2020-12-12T15:53:34.404Z|info : amplify push core  {"yes":true}
2020-12-12T15:53:35.849Z|info : amplify-provider-awscloudformation.zip-util.downloadZip.s3.getFile([{"Key":"[***]rent-[***]ud-[***]d.zip"},null])
2020-12-12T15:53:35.852Z|info : amplify-provider-awscloudformation.aws-s3.s3.getFile([{"Key":"[***]rent-[***]ud-[***]d.zip","Bucket":"[***]ify-[***]yapp-[***]ev-[***]055-[***]ment"}])
2020-12-12T15:53:36.372Z|info : amplify-provider-awscloudformation.initialize-env.run.cfn.updateamplifyMetaFileWithStackOutputs([{"StackName":"[***]ify-[***]yapp-[***]ev-[***]055"}])
2020-12-12T15:53:36.993Z|info : amplify-provider-awscloudformation.aws-s3.s3.getFile([{"Key":"[***]ify-[***]json","Bucket":"[***]ify-[***]yapp-[***]ev-[***]055-[***]ment"}])
2020-12-12T15:53:38.365Z|info : amplify-provider-awscloudformation.upload-appsync-files.uploadAppSyncFiles.upload.s3Client.uploadFile([{"Key":"[***]mation-[***]e.json"}])
2020-12-12T15:53:38.367Z|info : amplify-provider-awscloudformation.aws-s3.uploadFile.s3.putObject([{"Key":"[***]ify-[***]ync-[***]es/[***]7a718a1c249deaf6/[***]mation-[***]e.json","Bucket":"[***]ify-[***]yapp-[***]ev-[***]055-[***]ment"}])
2020-12-12T15:53:38.376Z|info : amplify-provider-awscloudformation.upload-appsync-files.uploadAppSyncFiles.upload.s3Client.uploadFile([{"Key":"[***]s.json"}])
2020-12-12T15:53:38.376Z|info : amplify-provider-awscloudformation.aws-s3.uploadFile.s3.putObject([{"Key":"[***]ify-[***]ync-[***]es/[***]7a718a1c249deaf6/[***]s.json","Bucket":"[***]ify-[***]yapp-[***]ev-[***]055-[***]ment"}])
2020-12-12T15:53:38.380Z|info : amplify-provider-awscloudformation.upload-appsync-files.uploadAppSyncFiles.upload.s3Client.uploadFile([{"Key":"[***]vers/[***]ote.req.vtl"}])
2020-12-12T15:53:38.380Z|info : amplify-provider-awscloudformation.aws-s3.uploadFile.s3.putObject([{"Key":"[***]ify-[***]ync-[***]es/[***]7a718a1c249deaf6/[***]vers/[***]ote.req.vtl","Bucket":"[***]ify-[***]yapp-[***]ev-[***]055-[***]ment"}])
2020-12-12T15:53:38.382Z|info : amplify-provider-awscloudformation.upload-appsync-files.uploadAppSyncFiles.upload.s3Client.uploadFile([{"Key":"[***]vers/[***]ote.res.vtl"}])
2020-12-12T15:53:38.382Z|info : amplify-provider-awscloudformation.aws-s3.uploadFile.s3.putObject([{"Key":"[***]ify-[***]ync-[***]es/[***]7a718a1c249deaf6/[***]vers/[***]ote.res.vtl","Bucket":"[***]ify-[***]yapp-[***]ev-[***]055-[***]ment"}])
2020-12-12T15:53:38.384Z|info : amplify-provider-awscloudformation.upload-appsync-files.uploadAppSyncFiles.upload.s3Client.uploadFile([{"Key":"[***]vers/[***]ote.req.vtl"}])
2020-12-12T15:53:38.384Z|info : amplify-provider-awscloudformation.aws-s3.uploadFile.s3.putObject([{"Key":"[***]ify-[***]ync-[***]es/[***]7a718a1c249deaf6/[***]vers/[***]ote.req.vtl","Bucket":"[***]ify-[***]yapp-[***]ev-[***]055-[***]ment"}])
2020-12-12T15:53:38.385Z|info : amplify-provider-awscloudformation.upload-appsync-files.uploadAppSyncFiles.upload.s3Client.uploadFile([{"Key":"[***]vers/[***]ote.res.vtl"}])
2020-12-12T15:53:38.386Z|info : amplify-provider-awscloudformation.aws-s3.uploadFile.s3.putObject([{"Key":"[***]ify-[***]ync-[***]es/[***]7a718a1c249deaf6/[***]vers/[***]ote.res.vtl","Bucket":"[***]ify-[***]yapp-[***]ev-[***]055-[***]ment"}])
2020-12-12T15:53:38.387Z|info : amplify-provider-awscloudformation.upload-appsync-files.uploadAppSyncFiles.upload.s3Client.uploadFile([{"Key":"[***]vers/[***]ote.req.vtl"}])
2020-12-12T15:53:38.388Z|info : amplify-provider-awscloudformation.aws-s3.uploadFile.s3.putObject([{"Key":"[***]ify-[***]ync-[***]es/[***]7a718a1c249deaf6/[***]vers/[***]ote.req.vtl","Bucket":"[***]ify-[***]yapp-[***]ev-[***]055-[***]ment"}])
2020-12-12T15:53:38.390Z|info : amplify-provider-awscloudformation.upload-appsync-files.uploadAppSyncFiles.upload.s3Client.uploadFile([{"Key":"[***]vers/[***]ote.res.vtl"}])
2020-12-12T15:53:38.390Z|info : amplify-provider-awscloudformation.aws-s3.uploadFile.s3.putObject([{"Key":"[***]ify-[***]ync-[***]es/[***]7a718a1c249deaf6/[***]vers/[***]ote.res.vtl","Bucket":"[***]ify-[***]yapp-[***]ev-[***]055-[***]ment"}])
2020-12-12T15:53:38.391Z|info : amplify-provider-awscloudformation.upload-appsync-files.uploadAppSyncFiles.upload.s3Client.uploadFile([{"Key":"[***]vers/[***]e.req.vtl"}])
2020-12-12T15:53:38.392Z|info : amplify-provider-awscloudformation.aws-s3.uploadFile.s3.putObject([{"Key":"[***]ify-[***]ync-[***]es/[***]7a718a1c249deaf6/[***]vers/[***]e.req.vtl","Bucket":"[***]ify-[***]yapp-[***]ev-[***]055-[***]ment"}])
2020-12-12T15:53:38.394Z|info : amplify-provider-awscloudformation.upload-appsync-files.uploadAppSyncFiles.upload.s3Client.uploadFile([{"Key":"[***]vers/[***]e.res.vtl"}])
2020-12-12T15:53:38.395Z|info : amplify-provider-awscloudformation.aws-s3.uploadFile.s3.putObject([{"Key":"[***]ify-[***]ync-[***]es/[***]7a718a1c249deaf6/[***]vers/[***]e.res.vtl","Bucket":"[***]ify-[***]yapp-[***]ev-[***]055-[***]ment"}])
2020-12-12T15:53:38.396Z|info : amplify-provider-awscloudformation.upload-appsync-files.uploadAppSyncFiles.upload.s3Client.uploadFile([{"Key":"[***]vers/[***]es.req.vtl"}])
2020-12-12T15:53:38.396Z|info : amplify-provider-awscloudformation.aws-s3.uploadFile.s3.putObject([{"Key":"[***]ify-[***]ync-[***]es/[***]7a718a1c249deaf6/[***]vers/[***]es.req.vtl","Bucket":"[***]ify-[***]yapp-[***]ev-[***]055-[***]ment"}])
2020-12-12T15:53:38.397Z|info : amplify-provider-awscloudformation.upload-appsync-files.uploadAppSyncFiles.upload.s3Client.uploadFile([{"Key":"[***]vers/[***]es.res.vtl"}])
2020-12-12T15:53:38.398Z|info : amplify-provider-awscloudformation.aws-s3.uploadFile.s3.putObject([{"Key":"[***]ify-[***]ync-[***]es/[***]7a718a1c249deaf6/[***]vers/[***]es.res.vtl","Bucket":"[***]ify-[***]yapp-[***]ev-[***]055-[***]ment"}])
2020-12-12T15:53:38.399Z|info : amplify-provider-awscloudformation.upload-appsync-files.uploadAppSyncFiles.upload.s3Client.uploadFile([{"Key":"[***]raphql"}])
2020-12-12T15:53:38.399Z|info : amplify-provider-awscloudformation.aws-s3.uploadFile.s3.putObject([{"Key":"[***]ify-[***]ync-[***]es/[***]7a718a1c249deaf6/[***]raphql","Bucket":"[***]ify-[***]yapp-[***]ev-[***]055-[***]ment"}])
2020-12-12T15:53:38.400Z|info : amplify-provider-awscloudformation.upload-appsync-files.uploadAppSyncFiles.upload.s3Client.uploadFile([{"Key":"[***]cks/[***]ces.json"}])
2020-12-12T15:53:38.400Z|info : amplify-provider-awscloudformation.aws-s3.uploadFile.s3.putObject([{"Key":"[***]ify-[***]ync-[***]es/[***]7a718a1c249deaf6/[***]cks/[***]ces.json","Bucket":"[***]ify-[***]yapp-[***]ev-[***]055-[***]ment"}])
2020-12-12T15:53:38.401Z|info : amplify-provider-awscloudformation.upload-appsync-files.uploadAppSyncFiles.upload.s3Client.uploadFile([{"Key":"[***]cks/[***]json"}])
2020-12-12T15:53:38.402Z|info : amplify-provider-awscloudformation.aws-s3.uploadFile.s3.putObject([{"Key":"[***]ify-[***]ync-[***]es/[***]7a718a1c249deaf6/[***]cks/[***]json","Bucket":"[***]ify-[***]yapp-[***]ev-[***]055-[***]ment"}])
2020-12-12T15:53:38.832Z|info : amplify-provider-awscloudformation.aws-s3.uploadFile.s3.putObject([{"Key":"[***]ify-[***]fn-[***]ates/[***]age/[***]3-[***]mation-[***]e.json","Bucket":"[***]ify-[***]yapp-[***]ev-[***]055-[***]ment"}])
2020-12-12T15:53:38.834Z|info : amplify-provider-awscloudformation.aws-s3.uploadFile.s3.putObject([{"Key":"[***]ify-[***]fn-[***]ates/[***]pi/[***]mation-[***]e.json","Bucket":"[***]ify-[***]yapp-[***]ev-[***]055-[***]ment"}])
2020-12-12T15:53:39.503Z|info : amplify-provider-awscloudformation.push-resources.updateCloudFormationNestedStack(["D:\\Documents\\Github\\amplifyapp\\amplify\\backend\\awscloudformation","D:\\Documents\\Github\\amplifyapp\\amplify\\backend\\awscloudformation\\nested-cloudformation-stack.yml"])
2020-12-12T15:53:39.508Z|info : amplify-provider-awscloudformation.aws-s3.uploadFile.s3.putObject([{"Key":"[***]ted-[***]mation-[***].yml","Bucket":"[***]ify-[***]yapp-[***]ev-[***]055-[***]ment"}])
2020-12-12T15:56:13.241Z|info : amplify-provider-awscloudformation.push-resources.storeCurrentcoudBackend.s3.uploadFile([{"Key":"[***]rent-[***]ud-[***]d.zip"}])
2020-12-12T15:56:13.242Z|info : amplify-provider-awscloudformation.aws-s3.uploadFile.s3.putObject([{"Key":"[***]rent-[***]ud-[***]d.zip","Bucket":"[***]ify-[***]yapp-[***]ev-[***]055-[***]ment"}])
2020-12-12T15:56:13.615Z|info : amplify-provider-awscloudformation.amplify-service-manager.s3.uploadFile([{"Key":"[***]ify-[***]json"}])
2020-12-12T15:56:13.616Z|info : amplify-provider-awscloudformation.aws-s3.uploadFile.s3.putObject([{"Key":"[***]ify-[***]json","Bucket":"[***]ify-[***]yapp-[***]ev-[***]055-[***]ment"}])
2020-12-12T15:56:13.910Z|info : amplify-provider-awscloudformation.amplify-service-manager.s3.uploadFile([{"Key":"[***]end-[***].json"}])
2020-12-12T15:56:13.913Z|info : amplify-provider-awscloudformation.aws-s3.uploadFile.s3.putObject([{"Key":"[***]end-[***].json","Bucket":"[***]ify-[***]yapp-[***]ev-[***]055-[***]ment"}])
